Using pre-set license
Built from '2020.3/staging' branch; Version is '2020.3.0f1 (c7b5465681fb) revision 13088070'; Using compiler version '192528614'; Build Type 'Release'
OS: 'Windows 10 Home Single Language; OS build 19042.867; Version 2009; 64bit' Language: 'tr' Physical Memory: 16233 MB
BatchMode: 1, IsHumanControllingUs: 0, StartBugReporterOnCrash: 0, Is64bit: 1, IsPro: 0

 COMMAND LINE ARGUMENTS:
D:\Program Files\Unity\2020.3.0f1\Editor\Unity.exe
-adb2
-batchMode
-noUpm
-name
AssetImportWorker0
-projectPath
D:/Projects/BTK_Akademi/unity-ile-egitici-oyunlar/BolmeOyunu
-logFile
Logs/AssetImportWorker0.log
-srvPort
56399
Successfully changed project path to: D:/Projects/BTK_Akademi/unity-ile-egitici-oyunlar/BolmeOyunu
D:/Projects/BTK_Akademi/unity-ile-egitici-oyunlar/BolmeOyunu
Using Asset Import Pipeline V2.
Refreshing native plugins compatible for Editor in 30.88 ms, found 1 plugins.
Preloading 0 native plugins for Editor in 0.00 ms.
Initialize engine version: 2020.3.0f1 (c7b5465681fb)
[Subsystems] Discovering subsystems at path D:/Program Files/Unity/2020.3.0f1/Editor/Data/Resources/UnitySubsystems
[Subsystems] Discovering subsystems at path D:/Projects/BTK_Akademi/unity-ile-egitici-oyunlar/BolmeOyunu/Assets
GfxDevice: creating device client; threaded=0
Direct3D:
    Version:  Direct3D 11.0 [level 11.1]
    Renderer: NVIDIA GeForce GTX 1660 Ti (ID=0x2191)
    Vendor:   
    VRAM:     5991 MB
    Driver:   27.21.14.6589
Initialize mono
Mono path[0] = 'D:/Program Files/Unity/2020.3.0f1/Editor/Data/Managed'
Mono path[1] = 'D:/Program Files/Unity/2020.3.0f1/Editor/Data/MonoBleedingEdge/lib/mono/unityjit'
Mono config path = 'D:/Program Files/Unity/2020.3.0f1/Editor/Data/MonoBleedingEdge/etc'
Using monoOptions --debugger-agent=transport=dt_socket,embedding=1,server=y,suspend=n,address=127.0.0.1:56612
Begin MonoManager ReloadAssembly
Registering precompiled unity dll's ...
Register platform support module: D:/Program Files/Unity/2020.3.0f1/Editor/Data/PlaybackEngines/WindowsStandaloneSupport/UnityEditor.WindowsStandalone.Extensions.dll
Registered in 0.001144 seconds.
Native extension for WindowsStandalone target not found
Refreshing native plugins compatible for Editor in 29.86 ms, found 1 plugins.
Preloading 0 native plugins for Editor in 0.00 ms.
Invoked RoslynAnalysisRunner static constructor.
RoslynAnalysisRunner will not be running.
RoslynAnalysisRunner has terminated.
Mono: successfully reloaded assembly
- Completed reload, in  2.378 seconds
Platform modules already initialized, skipping
Registering precompiled user dll's ...
Registered in 0.000778 seconds.
Begin MonoManager ReloadAssembly
Native extension for WindowsStandalone target not found
Refreshing native plugins compatible for Editor in 39.62 ms, found 1 plugins.
Preloading 0 native plugins for Editor in 0.00 ms.
Invoked RoslynAnalysisRunner static constructor.
RoslynAnalysisRunner will not be running.
RoslynAnalysisRunner has terminated.
Mono: successfully reloaded assembly
- Completed reload, in  0.968 seconds
Platform modules already initialized, skipping
========================================================================
Worker process is ready to serve import requests
Launched and connected shader compiler UnityShaderCompiler.exe after 0.07 seconds
Refreshing native plugins compatible for Editor in 0.67 ms, found 1 plugins.
Preloading 0 native plugins for Editor in 0.00 ms.
Unloading 1806 Unused Serialized files (Serialized files now loaded: 0)
System memory in use before: 84.5 MB.
System memory in use after: 84.5 MB.

Unloading 24 unused Assets to reduce memory usage. Loaded Objects now: 2248.
Total: 2.267500 ms (FindLiveObjects: 0.285900 ms CreateObjectMapping: 0.086000 ms MarkObjects: 1.768100 ms  DeleteObjects: 0.126400 ms)

========================================================================
Received Import Request.
  path: Assets
  artifactKey: Guid(00000000000000001000000000000000) Importer(815301076,1909f56bfc062723c751e8b465ee728b)
Start importing Assets using Guid(00000000000000001000000000000000) Importer(815301076,1909f56bfc062723c751e8b465ee728b)  -> (artifact id: '42baae205c97e3337697759514652acd') in 0.037010 seconds
  Import took 0.040953 seconds .

========================================================================
Received Prepare
Registering precompiled user dll's ...
Registered in 0.000997 seconds.
Begin MonoManager ReloadAssembly
Native extension for WindowsStandalone target not found
Refreshing native plugins compatible for Editor in 0.32 ms, found 1 plugins.
Preloading 0 native plugins for Editor in 0.00 ms.
Invoked RoslynAnalysisRunner static constructor.
RoslynAnalysisRunner will not be running.
RoslynAnalysisRunner has terminated.
Mono: successfully reloaded assembly
- Completed reload, in  0.768 seconds
Platform modules already initialized, skipping
Refreshing native plugins compatible for Editor in 0.34 ms, found 1 plugins.
Preloading 0 native plugins for Editor in 0.00 ms.
Unloading 1801 Unused Serialized files (Serialized files now loaded: 0)
System memory in use before: 84.5 MB.
System memory in use after: 84.5 MB.

Unloading 12 unused Assets to reduce memory usage. Loaded Objects now: 2252.
Total: 1.965900 ms (FindLiveObjects: 0.169500 ms CreateObjectMapping: 0.064800 ms MarkObjects: 1.645200 ms  DeleteObjects: 0.085700 ms)

========================================================================
Received Import Request.
  Time since last request: 54.990822 seconds.
  path: Assets/Scenes
  artifactKey: Guid(cc0f56346773c554ba48ea34f5e1768f) Importer(815301076,1909f56bfc062723c751e8b465ee728b)
Start importing Assets/Scenes using Guid(cc0f56346773c554ba48ea34f5e1768f) Importer(815301076,1909f56bfc062723c751e8b465ee728b)  -> (artifact id: '0949bd6484971927e8a0ccae28566835') in 0.010804 seconds
  Import took 0.016934 seconds .

========================================================================
Received Import Request.
  Time since last request: 9.636377 seconds.
  path: Assets/Scenes/MenuLevel.unity
  artifactKey: Guid(46b8a79a11c34404fa921592cd88656e) Importer(815301076,1909f56bfc062723c751e8b465ee728b)
Start importing Assets/Scenes/MenuLevel.unity using Guid(46b8a79a11c34404fa921592cd88656e) Importer(815301076,1909f56bfc062723c751e8b465ee728b)  -> (artifact id: '0b34e4304d360d4fb68a3231b596c19c') in 0.015610 seconds
  Import took 0.019941 seconds .

========================================================================
Received Import Request.
  Time since last request: 0.004197 seconds.
  path: Assets/Scenes/MenuLevel.unity
  artifactKey: Guid(46b8a79a11c34404fa921592cd88656e) Importer(815301076,1909f56bfc062723c751e8b465ee728b)
Start importing Assets/Scenes/MenuLevel.unity using Guid(46b8a79a11c34404fa921592cd88656e) Importer(815301076,1909f56bfc062723c751e8b465ee728b)  -> (artifact id: '0b34e4304d360d4fb68a3231b596c19c') in 0.002877 seconds
  Import took 0.008008 seconds .

========================================================================
Received Import Request.
  Time since last request: 16.939862 seconds.
  path: Assets/Sprites
  artifactKey: Guid(23528aab135be8e4e95abdc62d540e69) Importer(815301076,1909f56bfc062723c751e8b465ee728b)
Start importing Assets/Sprites using Guid(23528aab135be8e4e95abdc62d540e69) Importer(815301076,1909f56bfc062723c751e8b465ee728b)  -> (artifact id: 'd7c324c0d085dae01bbacd54a0600e97') in 0.007193 seconds
  Import took 0.010247 seconds .

========================================================================
Received Import Request.
  Time since last request: 0.002174 seconds.
  path: Assets/Sprites
  artifactKey: Guid(23528aab135be8e4e95abdc62d540e69) Importer(815301076,1909f56bfc062723c751e8b465ee728b)
Start importing Assets/Sprites using Guid(23528aab135be8e4e95abdc62d540e69) Importer(815301076,1909f56bfc062723c751e8b465ee728b)  -> (artifact id: 'd7c324c0d085dae01bbacd54a0600e97') in 0.003784 seconds
  Import took 0.007117 seconds .

========================================================================
Received Import Request.
  Time since last request: 8.035191 seconds.
  path: Assets/Scripts
  artifactKey: Guid(fe0459881844b854ea501a5f2552b71f) Importer(815301076,1909f56bfc062723c751e8b465ee728b)
Start importing Assets/Scripts using Guid(fe0459881844b854ea501a5f2552b71f) Importer(815301076,1909f56bfc062723c751e8b465ee728b)  -> (artifact id: '21d059dd6700bc85a84d780a14659b4b') in 0.007524 seconds
  Import took 0.010542 seconds .

========================================================================
Received Import Request.
  Time since last request: 5.204419 seconds.
  path: Assets/Sounds
  artifactKey: Guid(582fa0ad75847d34f9c28b3caf82845e) Importer(815301076,1909f56bfc062723c751e8b465ee728b)
Start importing Assets/Sounds using Guid(582fa0ad75847d34f9c28b3caf82845e) Importer(815301076,1909f56bfc062723c751e8b465ee728b)  -> (artifact id: 'ad580b610966a0a8cb549b1953d967aa') in 0.008070 seconds
  Import took 0.011227 seconds .

========================================================================
Received Import Request.
  Time since last request: 4.785855 seconds.
  path: Assets/Fonts
  artifactKey: Guid(466a0e8a3b4ca0c4aa4f3adbb956e0d9) Importer(815301076,1909f56bfc062723c751e8b465ee728b)
Start importing Assets/Fonts using Guid(466a0e8a3b4ca0c4aa4f3adbb956e0d9) Importer(815301076,1909f56bfc062723c751e8b465ee728b)  -> (artifact id: 'a9d2cd8c1da6f4bf9d7fec6d715d5b53') in 0.006697 seconds
  Import took 0.011300 seconds .

========================================================================
Received Import Request.
  Time since last request: 5.468985 seconds.
  path: Assets/Resources
  artifactKey: Guid(976f8cd5721a1a347adfcd17bba6f160) Importer(815301076,1909f56bfc062723c751e8b465ee728b)
Start importing Assets/Resources using Guid(976f8cd5721a1a347adfcd17bba6f160) Importer(815301076,1909f56bfc062723c751e8b465ee728b)  -> (artifact id: '37bf4b77ad9f2b50c5166ccd63a8fd5d') in 0.006042 seconds
  Import took 0.010486 seconds .

========================================================================
Received Import Request.
  Time since last request: 53.356441 seconds.
  path: Assets/Sprites/background.png
  artifactKey: Guid(68e51a37c4009214e8ade0d35d569df0) Importer(815301076,1909f56bfc062723c751e8b465ee728b)
Start importing Assets/Sprites/background.png using Guid(68e51a37c4009214e8ade0d35d569df0) Importer(815301076,1909f56bfc062723c751e8b465ee728b)  -> (artifact id: 'a5e3b7c6f7b61062e99a75ddc145d1d3') in 0.095904 seconds
  Import took 0.099336 seconds .

========================================================================
Received Import Request.
  Time since last request: 0.000280 seconds.
  path: Assets/Sprites/girisMathsembol@4x.png
  artifactKey: Guid(ad8c8438f78cff844a7bc3e29244dbcd) Importer(815301076,1909f56bfc062723c751e8b465ee728b)
Start importing Assets/Sprites/girisMathsembol@4x.png using Guid(ad8c8438f78cff844a7bc3e29244dbcd) Importer(815301076,1909f56bfc062723c751e8b465ee728b)  -> (artifact id: '5c357549532e43957b617aefb1e0433f') in 0.042108 seconds
  Import took 0.045448 seconds .

========================================================================
Received Import Request.
  Time since last request: 0.000313 seconds.
  path: Assets/Sprites/sonucBackImage@4x.png
  artifactKey: Guid(e2b63a3aee812084eb4702d89895e083) Importer(815301076,1909f56bfc062723c751e8b465ee728b)
Start importing Assets/Sprites/sonucBackImage@4x.png using Guid(e2b63a3aee812084eb4702d89895e083) Importer(815301076,1909f56bfc062723c751e8b465ee728b)  -> (artifact id: '555179c421699aa53443482b65f47649') in 0.020009 seconds
  Import took 0.023810 seconds .

========================================================================
Received Import Request.
  Time since last request: 0.000490 seconds.
  path: Assets/Sprites/oyuncak4@4x.png
  artifactKey: Guid(aebdfe7b79b8eb04c8eac343927dabec) Importer(815301076,1909f56bfc062723c751e8b465ee728b)
Start importing Assets/Sprites/oyuncak4@4x.png using Guid(aebdfe7b79b8eb04c8eac343927dabec) Importer(815301076,1909f56bfc062723c751e8b465ee728b)  -> (artifact id: '9765f88b9202d176c6fe9792a3e340dc') in 0.015709 seconds
  Import took 0.019010 seconds .

========================================================================
Received Import Request.
  Time since last request: 0.000284 seconds.
  path: Assets/Sprites/oyuncak1@4x.png
  artifactKey: Guid(4b101dbb078aa1a4f86466978d132bab) Importer(815301076,1909f56bfc062723c751e8b465ee728b)
Start importing Assets/Sprites/oyuncak1@4x.png using Guid(4b101dbb078aa1a4f86466978d132bab) Importer(815301076,1909f56bfc062723c751e8b465ee728b)  -> (artifact id: '470b934734237b94b1390922939d9353') in 0.017685 seconds
  Import took 0.020834 seconds .

========================================================================
Received Import Request.
  Time since last request: 0.000652 seconds.
  path: Assets/Sprites/oyuncak2@4x.png
  artifactKey: Guid(6c7e61918f888cd4bba5151d79d21a5c) Importer(815301076,1909f56bfc062723c751e8b465ee728b)
Start importing Assets/Sprites/oyuncak2@4x.png using Guid(6c7e61918f888cd4bba5151d79d21a5c) Importer(815301076,1909f56bfc062723c751e8b465ee728b)  -> (artifact id: '8d2a7d458574a7b39b5982ce05a60205') in 0.024794 seconds
  Import took 0.028254 seconds .

========================================================================
Received Import Request.
  Time since last request: 0.000326 seconds.
  path: Assets/Sprites/baslaBtn@4x.png
  artifactKey: Guid(64f7f589877b8d14aaff4abd429b1ef4) Importer(815301076,1909f56bfc062723c751e8b465ee728b)
Start importing Assets/Sprites/baslaBtn@4x.png using Guid(64f7f589877b8d14aaff4abd429b1ef4) Importer(815301076,1909f56bfc062723c751e8b465ee728b)  -> (artifact id: '840cdb96e4d1106b86a9cc878afd9f2d') in 0.016785 seconds
  Import took 0.022317 seconds .

========================================================================
Received Import Request.
  Time since last request: 0.000319 seconds.
  path: Assets/Sprites/oyuncak5@4x.png
  artifactKey: Guid(8106141dd4fb898429b76418f0743faa) Importer(815301076,1909f56bfc062723c751e8b465ee728b)
Start importing Assets/Sprites/oyuncak5@4x.png using Guid(8106141dd4fb898429b76418f0743faa) Importer(815301076,1909f56bfc062723c751e8b465ee728b)  -> (artifact id: '73cc1132c03bef0a684eddd050eb8dba') in 0.015101 seconds
  Import took 0.018670 seconds .

========================================================================
Received Import Request.
  Time since last request: 0.000288 seconds.
  path: Assets/Sprites/buttonBackk.png
  artifactKey: Guid(8028a0640e84a644a823d6b49914cc1b) Importer(815301076,1909f56bfc062723c751e8b465ee728b)
Start importing Assets/Sprites/buttonBackk.png using Guid(8028a0640e84a644a823d6b49914cc1b) Importer(815301076,1909f56bfc062723c751e8b465ee728b)  -> (artifact id: 'd7658c091847ee2aa3815bbfd86d160d') in 0.021712 seconds
  Import took 0.025364 seconds .

========================================================================
Received Import Request.
  Time since last request: 0.000160 seconds.
  path: Assets/Sprites/oyunMalzemeleri@4x.png
  artifactKey: Guid(11b55edc1e9a20248af3afe68c83fc60) Importer(815301076,1909f56bfc062723c751e8b465ee728b)
Start importing Assets/Sprites/oyunMalzemeleri@4x.png using Guid(11b55edc1e9a20248af3afe68c83fc60) Importer(815301076,1909f56bfc062723c751e8b465ee728b)  -> (artifact id: '38653ed5c700c5fc7a727ce513d4b85c') in 0.014820 seconds
  Import took 0.018034 seconds .

========================================================================
Received Import Request.
  Time since last request: 0.000317 seconds.
  path: Assets/Sprites/cikisBtn@4x.png
  artifactKey: Guid(e1d29047842fcb04da1bf708dbc7a25f) Importer(815301076,1909f56bfc062723c751e8b465ee728b)
Start importing Assets/Sprites/cikisBtn@4x.png using Guid(e1d29047842fcb04da1bf708dbc7a25f) Importer(815301076,1909f56bfc062723c751e8b465ee728b)  -> (artifact id: '97bf0c0d4ece1c08de8acf1c42db315f') in 0.012966 seconds
  Import took 0.017974 seconds .

========================================================================
Received Import Request.
  Time since last request: 0.000236 seconds.
  path: Assets/Sprites/kare@4x.png
  artifactKey: Guid(ef1faf7218ae3ad44aa53b4038d1b16b) Importer(815301076,1909f56bfc062723c751e8b465ee728b)
Start importing Assets/Sprites/kare@4x.png using Guid(ef1faf7218ae3ad44aa53b4038d1b16b) Importer(815301076,1909f56bfc062723c751e8b465ee728b)  -> (artifact id: '0c02ae2c58d5e9974a33dbb94dd8db10') in 0.015578 seconds
  Import took 0.019157 seconds .

========================================================================
Received Import Request.
  Time since last request: 0.000200 seconds.
  path: Assets/Sprites/sonucCircle@4x.png
  artifactKey: Guid(12b6cf5698bb0cd4cbaaf4389e0b5fdd) Importer(815301076,1909f56bfc062723c751e8b465ee728b)
Start importing Assets/Sprites/sonucCircle@4x.png using Guid(12b6cf5698bb0cd4cbaaf4389e0b5fdd) Importer(815301076,1909f56bfc062723c751e8b465ee728b)  -> (artifact id: 'd497a193afc8ee96f64a46d8b4815329') in 0.013434 seconds
  Import took 0.016781 seconds .

========================================================================
Received Import Request.
  Time since last request: 0.000299 seconds.
  path: Assets/Sprites/kare@4x.png
  artifactKey: Guid(ef1faf7218ae3ad44aa53b4038d1b16b) Importer(815301076,1909f56bfc062723c751e8b465ee728b)
Start importing Assets/Sprites/kare@4x.png using Guid(ef1faf7218ae3ad44aa53b4038d1b16b) Importer(815301076,1909f56bfc062723c751e8b465ee728b)  -> (artifact id: '0c02ae2c58d5e9974a33dbb94dd8db10') in 0.009048 seconds
  Import took 0.012430 seconds .

========================================================================
Received Import Request.
  Time since last request: 0.000731 seconds.
  path: Assets/Sprites/oyun1.png
  artifactKey: Guid(6244bf67ea371c64a9e2acab5754dd20) Importer(815301076,1909f56bfc062723c751e8b465ee728b)
Start importing Assets/Sprites/oyun1.png using Guid(6244bf67ea371c64a9e2acab5754dd20) Importer(815301076,1909f56bfc062723c751e8b465ee728b)  -> (artifact id: '296088f861d9374e1a6d982c206c3e35') in 0.018687 seconds
  Import took 0.022242 seconds .

========================================================================
Received Import Request.
  Time since last request: 24.774010 seconds.
  path: Assets/Sprites/fawn.ttf
  artifactKey: Guid(ff4f32fb23768f54692f2abcd8e1c15f) Importer(815301076,1909f56bfc062723c751e8b465ee728b)
Start importing Assets/Sprites/fawn.ttf using Guid(ff4f32fb23768f54692f2abcd8e1c15f) Importer(815301076,1909f56bfc062723c751e8b465ee728b)  -> (artifact id: 'cab964912ab5e6b8329a9dd24e884632') in 0.165103 seconds
  Import took 0.168095 seconds .

========================================================================
Received Import Request.
  Time since last request: 766.122562 seconds.
  path: Assets/Scripts/MenuLevel
  artifactKey: Guid(17b97fdfb4ebfa742a03775ab2d7e23d) Importer(815301076,1909f56bfc062723c751e8b465ee728b)
Start importing Assets/Scripts/MenuLevel using Guid(17b97fdfb4ebfa742a03775ab2d7e23d) Importer(815301076,1909f56bfc062723c751e8b465ee728b)  -> (artifact id: '5bd8faa9dd80a36df089b25f744c92d1') in 0.006609 seconds
  Import took 0.010268 seconds .

========================================================================
Received Import Request.
  Time since last request: 6.766210 seconds.
  path: Assets/Scripts/MenuLevel/MenuManager.cs
  artifactKey: Guid(865f185abbcefb747801800278c1618c) Importer(815301076,1909f56bfc062723c751e8b465ee728b)
Start importing Assets/Scripts/MenuLevel/MenuManager.cs using Guid(865f185abbcefb747801800278c1618c) Importer(815301076,1909f56bfc062723c751e8b465ee728b)  -> (artifact id: '9b7b4d507f7c1a4d215c54c6b1042b6b') in 0.009464 seconds
  Import took 0.013626 seconds .

========================================================================
Received Import Request.
  Time since last request: 0.002543 seconds.
  path: Assets/Scripts/MenuLevel/MenuManager.cs
  artifactKey: Guid(865f185abbcefb747801800278c1618c) Importer(815301076,1909f56bfc062723c751e8b465ee728b)
Start importing Assets/Scripts/MenuLevel/MenuManager.cs using Guid(865f185abbcefb747801800278c1618c) Importer(815301076,1909f56bfc062723c751e8b465ee728b)  -> (artifact id: '9b7b4d507f7c1a4d215c54c6b1042b6b') in 0.005947 seconds
  Import took 0.010150 seconds .

========================================================================
Received Prepare
Registering precompiled user dll's ...
Registered in 0.001133 seconds.
Begin MonoManager ReloadAssembly
Native extension for WindowsStandalone target not found
Refreshing native plugins compatible for Editor in 0.37 ms, found 1 plugins.
Preloading 0 native plugins for Editor in 0.00 ms.
Invoked RoslynAnalysisRunner static constructor.
RoslynAnalysisRunner will not be running.
RoslynAnalysisRunner has terminated.
Mono: successfully reloaded assembly
- Completed reload, in  0.804 seconds
Platform modules already initialized, skipping
Refreshing native plugins compatible for Editor in 0.31 ms, found 1 plugins.
Preloading 0 native plugins for Editor in 0.00 ms.
Unloading 1802 Unused Serialized files (Serialized files now loaded: 0)
System memory in use before: 88.1 MB.
System memory in use after: 88.1 MB.

Unloading 12 unused Assets to reduce memory usage. Loaded Objects now: 2325.
Total: 1.913700 ms (FindLiveObjects: 0.154900 ms CreateObjectMapping: 0.055900 ms MarkObjects: 1.611500 ms  DeleteObjects: 0.090500 ms)

========================================================================
Received Import Request.
  Time since last request: 28.458409 seconds.
  path: Assets/Fonts/Market_Deco.ttf
  artifactKey: Guid(684f6f21efaba6048b113a5037d85b66) Importer(815301076,1909f56bfc062723c751e8b465ee728b)
Start importing Assets/Fonts/Market_Deco.ttf using Guid(684f6f21efaba6048b113a5037d85b66) Importer(815301076,1909f56bfc062723c751e8b465ee728b)  -> (artifact id: '60652dfc7c0a6b5b2ea14287be78c9c7') in 0.077586 seconds
  Import took 0.081156 seconds .

========================================================================
Received Import Request.
  Time since last request: 19.872078 seconds.
  path: Assets/Sounds/butonSesi.wav
  artifactKey: Guid(793643b69009b1640be17f5302df3f29) Importer(815301076,1909f56bfc062723c751e8b465ee728b)
Start importing Assets/Sounds/butonSesi.wav using Guid(793643b69009b1640be17f5302df3f29) Importer(815301076,1909f56bfc062723c751e8b465ee728b)  -> (artifact id: 'cfb8add153ae07cc7e5e4212917b5d53') in 0.048812 seconds
  Import took 0.053053 seconds .

========================================================================
Received Prepare
Registering precompiled user dll's ...
Registered in 0.000935 seconds.
Begin MonoManager ReloadAssembly
Native extension for WindowsStandalone target not found
Refreshing native plugins compatible for Editor in 0.34 ms, found 1 plugins.
Preloading 0 native plugins for Editor in 0.00 ms.
Invoked RoslynAnalysisRunner static constructor.
RoslynAnalysisRunner will not be running.
RoslynAnalysisRunner has terminated.
Mono: successfully reloaded assembly
- Completed reload, in  0.784 seconds
Platform modules already initialized, skipping
Refreshing native plugins compatible for Editor in 0.32 ms, found 1 plugins.
Preloading 0 native plugins for Editor in 0.00 ms.
Unloading 1802 Unused Serialized files (Serialized files now loaded: 0)
System memory in use before: 88.2 MB.
System memory in use after: 88.2 MB.

Unloading 12 unused Assets to reduce memory usage. Loaded Objects now: 2333.
Total: 1.995000 ms (FindLiveObjects: 0.168000 ms CreateObjectMapping: 0.061800 ms MarkObjects: 1.675200 ms  DeleteObjects: 0.088700 ms)

========================================================================
Received Prepare
Registering precompiled user dll's ...
Registered in 0.001868 seconds.
Begin MonoManager ReloadAssembly
Native extension for WindowsStandalone target not found
Refreshing native plugins compatible for Editor in 0.72 ms, found 1 plugins.
Preloading 0 native plugins for Editor in 0.00 ms.
Invoked RoslynAnalysisRunner static constructor.
RoslynAnalysisRunner will not be running.
RoslynAnalysisRunner has terminated.
Mono: successfully reloaded assembly
- Completed reload, in  0.871 seconds
Platform modules already initialized, skipping
Refreshing native plugins compatible for Editor in 0.37 ms, found 1 plugins.
Preloading 0 native plugins for Editor in 0.00 ms.
Unloading 1812 Unused Serialized files (Serialized files now loaded: 0)
System memory in use before: 88.6 MB.
System memory in use after: 88.6 MB.

Unloading 15 unused Assets to reduce memory usage. Loaded Objects now: 2350.
Total: 2.001100 ms (FindLiveObjects: 0.248600 ms CreateObjectMapping: 0.077400 ms MarkObjects: 1.584600 ms  DeleteObjects: 0.089500 ms)

========================================================================
Received Prepare
Registering precompiled user dll's ...
Registered in 0.001611 seconds.
Begin MonoManager ReloadAssembly
Native extension for WindowsStandalone target not found
Refreshing native plugins compatible for Editor in 0.32 ms, found 1 plugins.
Preloading 0 native plugins for Editor in 0.00 ms.
Invoked RoslynAnalysisRunner static constructor.
RoslynAnalysisRunner will not be running.
RoslynAnalysisRunner has terminated.
Mono: successfully reloaded assembly
- Completed reload, in  0.796 seconds
Platform modules already initialized, skipping
Refreshing native plugins compatible for Editor in 0.36 ms, found 1 plugins.
Preloading 0 native plugins for Editor in 0.00 ms.
Unloading 1811 Unused Serialized files (Serialized files now loaded: 0)
System memory in use before: 88.5 MB.
System memory in use after: 88.5 MB.

Unloading 14 unused Assets to reduce memory usage. Loaded Objects now: 2354.
Total: 2.006800 ms (FindLiveObjects: 0.193000 ms CreateObjectMapping: 0.066800 ms MarkObjects: 1.658000 ms  DeleteObjects: 0.088100 ms)

========================================================================
Received Prepare
Registering precompiled user dll's ...
Registered in 0.001518 seconds.
Begin MonoManager ReloadAssembly
Native extension for WindowsStandalone target not found
Refreshing native plugins compatible for Editor in 0.36 ms, found 1 plugins.
Preloading 0 native plugins for Editor in 0.00 ms.
Invoked RoslynAnalysisRunner static constructor.
RoslynAnalysisRunner will not be running.
RoslynAnalysisRunner has terminated.
Mono: successfully reloaded assembly
- Completed reload, in  0.809 seconds
Platform modules already initialized, skipping
Refreshing native plugins compatible for Editor in 0.37 ms, found 1 plugins.
Preloading 0 native plugins for Editor in 0.00 ms.
Unloading 1811 Unused Serialized files (Serialized files now loaded: 0)
System memory in use before: 88.6 MB.
System memory in use after: 88.5 MB.

Unloading 14 unused Assets to reduce memory usage. Loaded Objects now: 2358.
Total: 2.301100 ms (FindLiveObjects: 0.244900 ms CreateObjectMapping: 0.082000 ms MarkObjects: 1.880700 ms  DeleteObjects: 0.092600 ms)

========================================================================
Received Prepare
Registering precompiled user dll's ...
Registered in 0.001697 seconds.
Begin MonoManager ReloadAssembly
Native extension for WindowsStandalone target not found
Refreshing native plugins compatible for Editor in 0.38 ms, found 1 plugins.
Preloading 0 native plugins for Editor in 0.00 ms.
Invoked RoslynAnalysisRunner static constructor.
RoslynAnalysisRunner will not be running.
RoslynAnalysisRunner has terminated.
Mono: successfully reloaded assembly
- Completed reload, in  0.827 seconds
Platform modules already initialized, skipping
Refreshing native plugins compatible for Editor in 0.38 ms, found 1 plugins.
Preloading 0 native plugins for Editor in 0.00 ms.
Unloading 1811 Unused Serialized files (Serialized files now loaded: 0)
System memory in use before: 88.6 MB.
System memory in use after: 88.6 MB.

Unloading 14 unused Assets to reduce memory usage. Loaded Objects now: 2362.
Total: 2.398700 ms (FindLiveObjects: 0.212500 ms CreateObjectMapping: 0.070200 ms MarkObjects: 2.013600 ms  DeleteObjects: 0.101400 ms)

========================================================================
Received Prepare
Registering precompiled user dll's ...
Registered in 0.001645 seconds.
Begin MonoManager ReloadAssembly
Native extension for WindowsStandalone target not found
Refreshing native plugins compatible for Editor in 0.37 ms, found 1 plugins.
Preloading 0 native plugins for Editor in 0.00 ms.
Invoked RoslynAnalysisRunner static constructor.
RoslynAnalysisRunner will not be running.
RoslynAnalysisRunner has terminated.
Mono: successfully reloaded assembly
- Completed reload, in  0.811 seconds
Platform modules already initialized, skipping
Refreshing native plugins compatible for Editor in 0.35 ms, found 1 plugins.
Preloading 0 native plugins for Editor in 0.00 ms.
Unloading 1811 Unused Serialized files (Serialized files now loaded: 0)
System memory in use before: 88.6 MB.
System memory in use after: 88.6 MB.

Unloading 14 unused Assets to reduce memory usage. Loaded Objects now: 2366.
Total: 2.099500 ms (FindLiveObjects: 0.224000 ms CreateObjectMapping: 0.067400 ms MarkObjects: 1.714800 ms  DeleteObjects: 0.092500 ms)

========================================================================
Received Prepare
Registering precompiled user dll's ...
Registered in 0.001551 seconds.
Begin MonoManager ReloadAssembly
Native extension for WindowsStandalone target not found
Refreshing native plugins compatible for Editor in 0.36 ms, found 1 plugins.
Preloading 0 native plugins for Editor in 0.00 ms.
Invoked RoslynAnalysisRunner static constructor.
RoslynAnalysisRunner will not be running.
RoslynAnalysisRunner has terminated.
Mono: successfully reloaded assembly
- Completed reload, in  0.792 seconds
Platform modules already initialized, skipping
Refreshing native plugins compatible for Editor in 0.32 ms, found 1 plugins.
Preloading 0 native plugins for Editor in 0.00 ms.
Unloading 1811 Unused Serialized files (Serialized files now loaded: 0)
System memory in use before: 88.6 MB.
System memory in use after: 88.6 MB.

Unloading 14 unused Assets to reduce memory usage. Loaded Objects now: 2370.
Total: 2.342600 ms (FindLiveObjects: 0.434100 ms CreateObjectMapping: 0.074300 ms MarkObjects: 1.739000 ms  DeleteObjects: 0.094000 ms)

========================================================================
Received Prepare
Registering precompiled user dll's ...
Registered in 0.001565 seconds.
Begin MonoManager ReloadAssembly
Native extension for WindowsStandalone target not found
Refreshing native plugins compatible for Editor in 0.38 ms, found 1 plugins.
Preloading 0 native plugins for Editor in 0.00 ms.
Invoked RoslynAnalysisRunner static constructor.
RoslynAnalysisRunner will not be running.
RoslynAnalysisRunner has terminated.
Mono: successfully reloaded assembly
- Completed reload, in  0.786 seconds
Platform modules already initialized, skipping
Refreshing native plugins compatible for Editor in 0.36 ms, found 1 plugins.
Preloading 0 native plugins for Editor in 0.00 ms.
Unloading 1811 Unused Serialized files (Serialized files now loaded: 0)
System memory in use before: 88.6 MB.
System memory in use after: 88.6 MB.

Unloading 14 unused Assets to reduce memory usage. Loaded Objects now: 2374.
Total: 2.285900 ms (FindLiveObjects: 0.198400 ms CreateObjectMapping: 0.070000 ms MarkObjects: 1.842500 ms  DeleteObjects: 0.173200 ms)

========================================================================
Received Prepare
Registering precompiled user dll's ...
Registered in 0.001879 seconds.
Begin MonoManager ReloadAssembly
Native extension for WindowsStandalone target not found
Refreshing native plugins compatible for Editor in 0.45 ms, found 1 plugins.
Preloading 0 native plugins for Editor in 0.00 ms.
Invoked RoslynAnalysisRunner static constructor.
RoslynAnalysisRunner will not be running.
RoslynAnalysisRunner has terminated.
Mono: successfully reloaded assembly
- Completed reload, in  0.989 seconds
Platform modules already initialized, skipping
Refreshing native plugins compatible for Editor in 0.32 ms, found 1 plugins.
Preloading 0 native plugins for Editor in 0.00 ms.
Unloading 1811 Unused Serialized files (Serialized files now loaded: 0)
System memory in use before: 88.6 MB.
System memory in use after: 88.6 MB.

Unloading 14 unused Assets to reduce memory usage. Loaded Objects now: 2378.
Total: 2.284000 ms (FindLiveObjects: 0.239200 ms CreateObjectMapping: 0.072300 ms MarkObjects: 1.868700 ms  DeleteObjects: 0.102700 ms)

========================================================================
Received Prepare
Registering precompiled user dll's ...
Registered in 0.001594 seconds.
Begin MonoManager ReloadAssembly
Native extension for WindowsStandalone target not found
Refreshing native plugins compatible for Editor in 0.37 ms, found 1 plugins.
Preloading 0 native plugins for Editor in 0.00 ms.
Invoked RoslynAnalysisRunner static constructor.
RoslynAnalysisRunner will not be running.
RoslynAnalysisRunner has terminated.
Mono: successfully reloaded assembly
- Completed reload, in  0.823 seconds
Platform modules already initialized, skipping
Refreshing native plugins compatible for Editor in 0.44 ms, found 1 plugins.
Preloading 0 native plugins for Editor in 0.00 ms.
Unloading 1811 Unused Serialized files (Serialized files now loaded: 0)
System memory in use before: 88.6 MB.
System memory in use after: 88.6 MB.

Unloading 14 unused Assets to reduce memory usage. Loaded Objects now: 2382.
Total: 2.147500 ms (FindLiveObjects: 0.199500 ms CreateObjectMapping: 0.060300 ms MarkObjects: 1.755100 ms  DeleteObjects: 0.131600 ms)

========================================================================
Received Prepare
Registering precompiled user dll's ...
Registered in 0.002881 seconds.
Begin MonoManager ReloadAssembly
Native extension for WindowsStandalone target not found
Refreshing native plugins compatible for Editor in 0.94 ms, found 1 plugins.
Preloading 0 native plugins for Editor in 0.00 ms.
Invoked RoslynAnalysisRunner static constructor.
RoslynAnalysisRunner will not be running.
RoslynAnalysisRunner has terminated.
Mono: successfully reloaded assembly
- Completed reload, in  0.850 seconds
Platform modules already initialized, skipping
Refreshing native plugins compatible for Editor in 0.35 ms, found 1 plugins.
Preloading 0 native plugins for Editor in 0.00 ms.
Unloading 1811 Unused Serialized files (Serialized files now loaded: 0)
System memory in use before: 88.6 MB.
System memory in use after: 88.6 MB.

Unloading 14 unused Assets to reduce memory usage. Loaded Objects now: 2386.
Total: 2.245300 ms (FindLiveObjects: 0.254900 ms CreateObjectMapping: 0.074300 ms MarkObjects: 1.816100 ms  DeleteObjects: 0.099100 ms)

========================================================================
Received Prepare
Registering precompiled user dll's ...
Registered in 0.001756 seconds.
Begin MonoManager ReloadAssembly
Native extension for WindowsStandalone target not found
Refreshing native plugins compatible for Editor in 0.39 ms, found 1 plugins.
Preloading 0 native plugins for Editor in 0.00 ms.
Invoked RoslynAnalysisRunner static constructor.
RoslynAnalysisRunner will not be running.
RoslynAnalysisRunner has terminated.
Mono: successfully reloaded assembly
- Completed reload, in  0.786 seconds
Platform modules already initialized, skipping
Refreshing native plugins compatible for Editor in 0.38 ms, found 1 plugins.
Preloading 0 native plugins for Editor in 0.00 ms.
Unloading 1811 Unused Serialized files (Serialized files now loaded: 0)
System memory in use before: 88.6 MB.
System memory in use after: 88.6 MB.

Unloading 14 unused Assets to reduce memory usage. Loaded Objects now: 2390.
Total: 2.059800 ms (FindLiveObjects: 0.163100 ms CreateObjectMapping: 0.058500 ms MarkObjects: 1.745200 ms  DeleteObjects: 0.092000 ms)

========================================================================
Received Prepare
Registering precompiled user dll's ...
Registered in 0.001715 seconds.
Begin MonoManager ReloadAssembly
Native extension for WindowsStandalone target not found
Refreshing native plugins compatible for Editor in 0.46 ms, found 1 plugins.
Preloading 0 native plugins for Editor in 0.00 ms.
Invoked RoslynAnalysisRunner static constructor.
RoslynAnalysisRunner will not be running.
RoslynAnalysisRunner has terminated.
Mono: successfully reloaded assembly
- Completed reload, in  0.874 seconds
Platform modules already initialized, skipping
Refreshing native plugins compatible for Editor in 0.36 ms, found 1 plugins.
Preloading 0 native plugins for Editor in 0.00 ms.
Unloading 1811 Unused Serialized files (Serialized files now loaded: 0)
System memory in use before: 88.6 MB.
System memory in use after: 88.6 MB.

Unloading 14 unused Assets to reduce memory usage. Loaded Objects now: 2394.
Total: 2.378200 ms (FindLiveObjects: 0.193400 ms CreateObjectMapping: 0.064400 ms MarkObjects: 2.016300 ms  DeleteObjects: 0.103200 ms)

========================================================================
Received Prepare
Registering precompiled user dll's ...
Registered in 0.002404 seconds.
Begin MonoManager ReloadAssembly
Native extension for WindowsStandalone target not found
Refreshing native plugins compatible for Editor in 0.37 ms, found 1 plugins.
Preloading 0 native plugins for Editor in 0.00 ms.
Invoked RoslynAnalysisRunner static constructor.
RoslynAnalysisRunner will not be running.
RoslynAnalysisRunner has terminated.
Mono: successfully reloaded assembly
- Completed reload, in  0.820 seconds
Platform modules already initialized, skipping
Refreshing native plugins compatible for Editor in 0.36 ms, found 1 plugins.
Preloading 0 native plugins for Editor in 0.00 ms.
Unloading 1811 Unused Serialized files (Serialized files now loaded: 0)
System memory in use before: 88.7 MB.
System memory in use after: 88.6 MB.

Unloading 14 unused Assets to reduce memory usage. Loaded Objects now: 2398.
Total: 2.149100 ms (FindLiveObjects: 0.285600 ms CreateObjectMapping: 0.067200 ms MarkObjects: 1.697700 ms  DeleteObjects: 0.097900 ms)

========================================================================
Received Import Request.
  Time since last request: 582.706627 seconds.
  path: Assets/Scenes/GameLevel.unity
  artifactKey: Guid(350feb783ae00514e8d7e5290a9a62f5) Importer(815301076,1909f56bfc062723c751e8b465ee728b)
Start importing Assets/Scenes/GameLevel.unity using Guid(350feb783ae00514e8d7e5290a9a62f5) Importer(815301076,1909f56bfc062723c751e8b465ee728b)  -> (artifact id: '69180d7786cd6d5d8951ca583fb288ad') in 0.020266 seconds
  Import took 0.042607 seconds .

========================================================================
Received Import Request.
  Time since last request: 19.244834 seconds.
  path: Assets/Scenes/MenuLevel.unity
  artifactKey: Guid(46b8a79a11c34404fa921592cd88656e) Importer(815301076,1909f56bfc062723c751e8b465ee728b)
Start importing Assets/Scenes/MenuLevel.unity using Guid(46b8a79a11c34404fa921592cd88656e) Importer(815301076,1909f56bfc062723c751e8b465ee728b)  -> (artifact id: '025b325620c1bc298d57d3dd3c348728') in 0.007918 seconds
  Import took 0.044637 seconds .

========================================================================
Received Import Request.
  Time since last request: 46.919534 seconds.
  path: Assets/Scenes/SampleScene.unity
  artifactKey: Guid(2cda990e2423bbf4892e6590ba056729) Importer(815301076,1909f56bfc062723c751e8b465ee728b)
Start importing Assets/Scenes/SampleScene.unity using Guid(2cda990e2423bbf4892e6590ba056729) Importer(815301076,1909f56bfc062723c751e8b465ee728b)  -> (artifact id: '4277dab6a28e8e1d23739f05f438b540') in 0.007862 seconds
  Import took 0.014222 seconds .

========================================================================
Received Import Request.
  Time since last request: 0.000743 seconds.
  path: Assets/Scenes/SampleScene.unity
  artifactKey: Guid(2cda990e2423bbf4892e6590ba056729) Importer(815301076,1909f56bfc062723c751e8b465ee728b)
Start importing Assets/Scenes/SampleScene.unity using Guid(2cda990e2423bbf4892e6590ba056729) Importer(815301076,1909f56bfc062723c751e8b465ee728b)  -> (artifact id: '4277dab6a28e8e1d23739f05f438b540') in 0.003440 seconds
  Import took 0.007502 seconds .

========================================================================
Received Prepare
Registering precompiled user dll's ...
Registered in 0.002071 seconds.
Begin MonoManager ReloadAssembly
Native extension for WindowsStandalone target not found
Refreshing native plugins compatible for Editor in 0.37 ms, found 1 plugins.
Preloading 0 native plugins for Editor in 0.00 ms.
Invoked RoslynAnalysisRunner static constructor.
RoslynAnalysisRunner will not be running.
RoslynAnalysisRunner has terminated.
Mono: successfully reloaded assembly
- Completed reload, in  0.822 seconds
Platform modules already initialized, skipping
Refreshing native plugins compatible for Editor in 0.44 ms, found 1 plugins.
Preloading 0 native plugins for Editor in 0.00 ms.
Unloading 1811 Unused Serialized files (Serialized files now loaded: 0)
System memory in use before: 88.7 MB.
System memory in use after: 88.7 MB.

Unloading 14 unused Assets to reduce memory usage. Loaded Objects now: 2402.
Total: 2.887300 ms (FindLiveObjects: 0.791700 ms CreateObjectMapping: 0.268800 ms MarkObjects: 1.682400 ms  DeleteObjects: 0.141400 ms)

========================================================================
Received Prepare
Registering precompiled user dll's ...
Registered in 0.001692 seconds.
Begin MonoManager ReloadAssembly
Native extension for WindowsStandalone target not found
Refreshing native plugins compatible for Editor in 0.37 ms, found 1 plugins.
Preloading 0 native plugins for Editor in 0.00 ms.
Invoked RoslynAnalysisRunner static constructor.
RoslynAnalysisRunner will not be running.
RoslynAnalysisRunner has terminated.
Mono: successfully reloaded assembly
- Completed reload, in  0.835 seconds
Platform modules already initialized, skipping
Refreshing native plugins compatible for Editor in 0.37 ms, found 1 plugins.
Preloading 0 native plugins for Editor in 0.00 ms.
Unloading 1811 Unused Serialized files (Serialized files now loaded: 0)
System memory in use before: 88.7 MB.
System memory in use after: 88.7 MB.

Unloading 14 unused Assets to reduce memory usage. Loaded Objects now: 2406.
Total: 2.235900 ms (FindLiveObjects: 0.219400 ms CreateObjectMapping: 0.070800 ms MarkObjects: 1.812900 ms  DeleteObjects: 0.131800 ms)

========================================================================
Received Prepare
Registering precompiled user dll's ...
Registered in 0.001616 seconds.
Begin MonoManager ReloadAssembly
Native extension for WindowsStandalone target not found
Refreshing native plugins compatible for Editor in 0.41 ms, found 1 plugins.
Preloading 0 native plugins for Editor in 0.00 ms.
Invoked RoslynAnalysisRunner static constructor.
RoslynAnalysisRunner will not be running.
RoslynAnalysisRunner has terminated.
Mono: successfully reloaded assembly
- Completed reload, in  0.815 seconds
Platform modules already initialized, skipping
Refreshing native plugins compatible for Editor in 0.41 ms, found 1 plugins.
Preloading 0 native plugins for Editor in 0.00 ms.
Unloading 1811 Unused Serialized files (Serialized files now loaded: 0)
System memory in use before: 88.7 MB.
System memory in use after: 88.7 MB.

Unloading 14 unused Assets to reduce memory usage. Loaded Objects now: 2410.
Total: 1.954200 ms (FindLiveObjects: 0.239600 ms CreateObjectMapping: 0.068800 ms MarkObjects: 1.514600 ms  DeleteObjects: 0.130300 ms)

========================================================================
Received Import Request.
  Time since last request: 123.354167 seconds.
  path: Assets/Scenes/GameLevel.unity
  artifactKey: Guid(350feb783ae00514e8d7e5290a9a62f5) Importer(815301076,1909f56bfc062723c751e8b465ee728b)
Start importing Assets/Scenes/GameLevel.unity using Guid(350feb783ae00514e8d7e5290a9a62f5) Importer(815301076,1909f56bfc062723c751e8b465ee728b)  -> (artifact id: 'cb252b262727e88372725a8eacd0f644') in 0.011061 seconds
  Import took 0.014566 seconds .

========================================================================
Received Import Request.
  Time since last request: 0.003874 seconds.
  path: Assets/Scenes/GameLevel.unity
  artifactKey: Guid(350feb783ae00514e8d7e5290a9a62f5) Importer(815301076,1909f56bfc062723c751e8b465ee728b)
Start importing Assets/Scenes/GameLevel.unity using Guid(350feb783ae00514e8d7e5290a9a62f5) Importer(815301076,1909f56bfc062723c751e8b465ee728b)  -> (artifact id: 'cb252b262727e88372725a8eacd0f644') in 0.002476 seconds
  Import took 0.005249 seconds .

========================================================================
Received Import Request.
  Time since last request: 149.079975 seconds.
  path: Assets/Scripts/GameLevel
  artifactKey: Guid(b40a5c5d594cd404988c276543e6b316) Importer(815301076,1909f56bfc062723c751e8b465ee728b)
Start importing Assets/Scripts/GameLevel using Guid(b40a5c5d594cd404988c276543e6b316) Importer(815301076,1909f56bfc062723c751e8b465ee728b)  -> (artifact id: '4a62608c0501cae98f9095c748bb5358') in 0.006454 seconds
  Import took 0.010556 seconds .

========================================================================
Received Import Request.
  Time since last request: 10.488989 seconds.
  path: Assets/Scripts/GameLevel/AlphaPanelManager.cs
  artifactKey: Guid(05dee38c1bcaa3a43b1effe75dbafdae) Importer(815301076,1909f56bfc062723c751e8b465ee728b)
Start importing Assets/Scripts/GameLevel/AlphaPanelManager.cs using Guid(05dee38c1bcaa3a43b1effe75dbafdae) Importer(815301076,1909f56bfc062723c751e8b465ee728b)  -> (artifact id: '0695ba77a6aad1d4857dafafddcf29e7') in 0.008906 seconds
  Import took 0.012451 seconds .

========================================================================
Received Prepare
Registering precompiled user dll's ...
Registered in 0.001725 seconds.
Begin MonoManager ReloadAssembly
Native extension for WindowsStandalone target not found
Refreshing native plugins compatible for Editor in 0.53 ms, found 1 plugins.
Preloading 0 native plugins for Editor in 0.00 ms.
Invoked RoslynAnalysisRunner static constructor.
RoslynAnalysisRunner will not be running.
RoslynAnalysisRunner has terminated.
Mono: successfully reloaded assembly
- Completed reload, in  1.070 seconds
Platform modules already initialized, skipping
Refreshing native plugins compatible for Editor in 0.38 ms, found 1 plugins.
Preloading 0 native plugins for Editor in 0.00 ms.
Unloading 1812 Unused Serialized files (Serialized files now loaded: 0)
System memory in use before: 88.7 MB.
System memory in use after: 88.7 MB.

Unloading 14 unused Assets to reduce memory usage. Loaded Objects now: 2415.
Total: 2.884700 ms (FindLiveObjects: 0.214900 ms CreateObjectMapping: 0.103600 ms MarkObjects: 2.321300 ms  DeleteObjects: 0.242400 ms)

========================================================================
Received Prepare
Registering precompiled user dll's ...
Registered in 0.002647 seconds.
Begin MonoManager ReloadAssembly
Native extension for WindowsStandalone target not found
Refreshing native plugins compatible for Editor in 0.41 ms, found 1 plugins.
Preloading 0 native plugins for Editor in 0.00 ms.
Invoked RoslynAnalysisRunner static constructor.
RoslynAnalysisRunner will not be running.
RoslynAnalysisRunner has terminated.
Mono: successfully reloaded assembly
- Completed reload, in  0.858 seconds
Platform modules already initialized, skipping
Refreshing native plugins compatible for Editor in 0.36 ms, found 1 plugins.
Preloading 0 native plugins for Editor in 0.00 ms.
Unloading 1812 Unused Serialized files (Serialized files now loaded: 0)
System memory in use before: 88.7 MB.
System memory in use after: 88.7 MB.

Unloading 14 unused Assets to reduce memory usage. Loaded Objects now: 2419.
Total: 2.389300 ms (FindLiveObjects: 0.270500 ms CreateObjectMapping: 0.083100 ms MarkObjects: 1.930700 ms  DeleteObjects: 0.103900 ms)

========================================================================
Received Import Request.
  Time since last request: 89.628952 seconds.
  path: Assets/Scripts/GameLevel/AlphaPanelManager.cs
  artifactKey: Guid(05dee38c1bcaa3a43b1effe75dbafdae) Importer(815301076,1909f56bfc062723c751e8b465ee728b)
Start importing Assets/Scripts/GameLevel/AlphaPanelManager.cs using Guid(05dee38c1bcaa3a43b1effe75dbafdae) Importer(815301076,1909f56bfc062723c751e8b465ee728b)  -> (artifact id: '7a4c62b44a69adb08e10996c13ae4ac4') in 0.006067 seconds
  Import took 0.009565 seconds .

========================================================================
Received Prepare
Registering precompiled user dll's ...
Registered in 0.001662 seconds.
Begin MonoManager ReloadAssembly
Native extension for WindowsStandalone target not found
Refreshing native plugins compatible for Editor in 0.37 ms, found 1 plugins.
Preloading 0 native plugins for Editor in 0.00 ms.
Invoked RoslynAnalysisRunner static constructor.
RoslynAnalysisRunner will not be running.
RoslynAnalysisRunner has terminated.
Mono: successfully reloaded assembly
- Completed reload, in  0.816 seconds
Platform modules already initialized, skipping
Refreshing native plugins compatible for Editor in 0.39 ms, found 1 plugins.
Preloading 0 native plugins for Editor in 0.00 ms.
Unloading 1812 Unused Serialized files (Serialized files now loaded: 0)
System memory in use before: 88.8 MB.
System memory in use after: 88.7 MB.

Unloading 14 unused Assets to reduce memory usage. Loaded Objects now: 2423.
Total: 2.438000 ms (FindLiveObjects: 0.350400 ms CreateObjectMapping: 0.114800 ms MarkObjects: 1.869300 ms  DeleteObjects: 0.102500 ms)

========================================================================
Received Import Request.
  Time since last request: 49.301149 seconds.
  path: Assets/Scenes/MenuLevel.unity
  artifactKey: Guid(46b8a79a11c34404fa921592cd88656e) Importer(815301076,1909f56bfc062723c751e8b465ee728b)
Start importing Assets/Scenes/MenuLevel.unity using Guid(46b8a79a11c34404fa921592cd88656e) Importer(815301076,1909f56bfc062723c751e8b465ee728b)  -> (artifact id: '08fac96e9cda363840bb30c72492ca24') in 0.013628 seconds
  Import took 0.017086 seconds .

========================================================================
Received Import Request.
  Time since last request: 0.001141 seconds.
  path: Assets/Scenes/MenuLevel.unity
  artifactKey: Guid(46b8a79a11c34404fa921592cd88656e) Importer(815301076,1909f56bfc062723c751e8b465ee728b)
Start importing Assets/Scenes/MenuLevel.unity using Guid(46b8a79a11c34404fa921592cd88656e) Importer(815301076,1909f56bfc062723c751e8b465ee728b)  -> (artifact id: '08fac96e9cda363840bb30c72492ca24') in 0.003710 seconds
  Import took 0.006715 seconds .

========================================================================
Received Prepare
Registering precompiled user dll's ...
Registered in 0.001651 seconds.
Begin MonoManager ReloadAssembly
Native extension for WindowsStandalone target not found
Refreshing native plugins compatible for Editor in 0.43 ms, found 1 plugins.
Preloading 0 native plugins for Editor in 0.00 ms.
Invoked RoslynAnalysisRunner static constructor.
RoslynAnalysisRunner will not be running.
RoslynAnalysisRunner has terminated.
Mono: successfully reloaded assembly
- Completed reload, in  0.839 seconds
Platform modules already initialized, skipping
Refreshing native plugins compatible for Editor in 0.36 ms, found 1 plugins.
Preloading 0 native plugins for Editor in 0.00 ms.
Unloading 1812 Unused Serialized files (Serialized files now loaded: 0)
System memory in use before: 88.8 MB.
System memory in use after: 88.8 MB.

Unloading 14 unused Assets to reduce memory usage. Loaded Objects now: 2427.
Total: 2.023800 ms (FindLiveObjects: 0.236900 ms CreateObjectMapping: 0.055700 ms MarkObjects: 1.557300 ms  DeleteObjects: 0.173100 ms)

========================================================================
Received Import Request.
  Time since last request: 125.061631 seconds.
  path: Assets/Scenes/GameLevel.unity
  artifactKey: Guid(350feb783ae00514e8d7e5290a9a62f5) Importer(815301076,1909f56bfc062723c751e8b465ee728b)
Start importing Assets/Scenes/GameLevel.unity using Guid(350feb783ae00514e8d7e5290a9a62f5) Importer(815301076,1909f56bfc062723c751e8b465ee728b)  -> (artifact id: 'eea49d576762d81c23e58bac8f1211cf') in 0.011569 seconds
  Import took 0.014632 seconds .

========================================================================
Received Import Request.
  Time since last request: 0.002377 seconds.
  path: Assets/Scenes/GameLevel.unity
  artifactKey: Guid(350feb783ae00514e8d7e5290a9a62f5) Importer(815301076,1909f56bfc062723c751e8b465ee728b)
Start importing Assets/Scenes/GameLevel.unity using Guid(350feb783ae00514e8d7e5290a9a62f5) Importer(815301076,1909f56bfc062723c751e8b465ee728b)  -> (artifact id: 'eea49d576762d81c23e58bac8f1211cf') in 0.002566 seconds
  Import took 0.005736 seconds .

========================================================================
Received Import Request.
  Time since last request: 105.559668 seconds.
  path: Assets/Resources/DOTweenSettings.asset
  artifactKey: Guid(019b00f8419c71c4488ec11750a530fa) Importer(815301076,1909f56bfc062723c751e8b465ee728b)
Start importing Assets/Resources/DOTweenSettings.asset using Guid(019b00f8419c71c4488ec11750a530fa) Importer(815301076,1909f56bfc062723c751e8b465ee728b)  -> (artifact id: 'a8259ff77adbc9c2ec60f1a9c76d17d6') in 0.011371 seconds
  Import took 0.016020 seconds .

========================================================================
Received Import Request.
  Time since last request: 628.033387 seconds.
  path: Assets/Prefabs
  artifactKey: Guid(344af5923b2802549b1f393eacf72e86) Importer(815301076,1909f56bfc062723c751e8b465ee728b)
Start importing Assets/Prefabs using Guid(344af5923b2802549b1f393eacf72e86) Importer(815301076,1909f56bfc062723c751e8b465ee728b)  -> (artifact id: '314c067f32a5b6f8c407e5272f1134e2') in 0.009146 seconds
  Import took 0.015241 seconds .

========================================================================
Received Import Request.
  Time since last request: 6.588069 seconds.
  path: Assets/Prefabs/Square_Btn.prefab
  artifactKey: Guid(324959a8d23ba044c9e27f075817bc38) Importer(815301076,1909f56bfc062723c751e8b465ee728b)
Start importing Assets/Prefabs/Square_Btn.prefab using Guid(324959a8d23ba044c9e27f075817bc38) Importer(815301076,1909f56bfc062723c751e8b465ee728b)  -> (artifact id: 'accb102fbe46ed8c2350a9908f713603') in 0.047545 seconds
  Import took 0.052609 seconds .

========================================================================
Received Import Request.
  Time since last request: 49.088479 seconds.
  path: Assets/Scripts/GameLevel/GameManager.cs
  artifactKey: Guid(ac709c680776f7d44bff24fdbcf0c216) Importer(815301076,1909f56bfc062723c751e8b465ee728b)
Start importing Assets/Scripts/GameLevel/GameManager.cs using Guid(ac709c680776f7d44bff24fdbcf0c216) Importer(815301076,1909f56bfc062723c751e8b465ee728b)  -> (artifact id: '834baa6d4d8f1829c2785164939160d9') in 0.006962 seconds
  Import took 0.013607 seconds .

========================================================================
Received Prepare
Registering precompiled user dll's ...
Registered in 0.001666 seconds.
Begin MonoManager ReloadAssembly
Native extension for WindowsStandalone target not found
Refreshing native plugins compatible for Editor in 0.52 ms, found 1 plugins.
Preloading 0 native plugins for Editor in 0.00 ms.
Invoked RoslynAnalysisRunner static constructor.
RoslynAnalysisRunner will not be running.
RoslynAnalysisRunner has terminated.
Mono: successfully reloaded assembly
- Completed reload, in  0.811 seconds
Platform modules already initialized, skipping
Refreshing native plugins compatible for Editor in 0.32 ms, found 1 plugins.
Preloading 0 native plugins for Editor in 0.00 ms.
Unloading 1813 Unused Serialized files (Serialized files now loaded: 0)
System memory in use before: 88.8 MB.
System memory in use after: 88.8 MB.

Unloading 14 unused Assets to reduce memory usage. Loaded Objects now: 2432.
Total: 2.215700 ms (FindLiveObjects: 0.257700 ms CreateObjectMapping: 0.062500 ms MarkObjects: 1.796300 ms  DeleteObjects: 0.098400 ms)

========================================================================
Received Prepare
Registering precompiled user dll's ...
Registered in 0.002264 seconds.
Begin MonoManager ReloadAssembly
Native extension for WindowsStandalone target not found
Refreshing native plugins compatible for Editor in 0.46 ms, found 1 plugins.
Preloading 0 native plugins for Editor in 0.00 ms.
Invoked RoslynAnalysisRunner static constructor.
RoslynAnalysisRunner will not be running.
RoslynAnalysisRunner has terminated.
Mono: successfully reloaded assembly
- Completed reload, in  0.801 seconds
Platform modules already initialized, skipping
Refreshing native plugins compatible for Editor in 0.35 ms, found 1 plugins.
Preloading 0 native plugins for Editor in 0.00 ms.
Unloading 1813 Unused Serialized files (Serialized files now loaded: 0)
System memory in use before: 88.8 MB.
System memory in use after: 88.8 MB.

Unloading 14 unused Assets to reduce memory usage. Loaded Objects now: 2436.
Total: 2.242700 ms (FindLiveObjects: 0.282300 ms CreateObjectMapping: 0.075600 ms MarkObjects: 1.771200 ms  DeleteObjects: 0.112500 ms)

AssetImportWorkerClient::OnTransportError - code=2 error=End of file
